{"type": "server-started", "host": "127.0.0.1", "port": 61237, "url": "http://localhost:61237", "screen_file": "D:\\QiLin\\Copy share\\.superpowers\\brainstorm\\ui-stable\\index.html", "state_dir": "D:\\QiLin\\Copy share\\.superpowers\\brainstorm\\ui-stable\\state"}
[2026-06-20T03:44:48] "GET / HTTP/1.1" 200 -
[2026-06-20T03:45:24] "GET / HTTP/1.1" 200 -
[2026-06-20T04:10:37] "GET / HTTP/1.1" 200 -
[2026-06-20T04:28:55] "GET / HTTP/1.1" 200 -
[2026-06-20T05:17:22] "GET / HTTP/1.1" 200 -
[2026-06-20T05:46:32] "GET / HTTP/1.1" 200 -
[2026-06-20T21:40:15] "GET / HTTP/1.1" 200 -
[2026-06-20T21:41:17] "GET / HTTP/1.1" 200 -
[2026-06-20T21:56:36] "GET / HTTP/1.1" 200 -
[2026-06-20T22:04:20] "GET / HTTP/1.1" 200 -
[2026-06-20T23:33:04] "GET / HTTP/1.1" 200 -
[2026-06-20T23:34:00] "GET / HTTP/1.1" 200 -
[2026-06-20T23:34:00] code 404, message Not Found
[2026-06-20T23:34:00] "GET /favicon.ico HTTP/1.1" 404 -
[2026-06-20T23:36:13] "GET / HTTP/1.1" 200 -
[2026-06-20T23:52:00] "GET / HTTP/1.1" 200 -
[2026-06-20T23:52:02] "GET / HTTP/1.1" 200 -
[2026-06-20T23:52:02] code 404, message Not Found
[2026-06-20T23:52:02] "GET /).Content HTTP/1.1" 404 -
[2026-06-20T23:52:02] "GET / HTTP/1.1" 200 -
[2026-06-20T23:52:35] "GET / HTTP/1.1" 200 -
[2026-06-20T23:52:35] code 404, message Not Found
[2026-06-20T23:52:35] "GET /favicon.ico HTTP/1.1" 404 -
[2026-06-21T02:15:37] "GET / HTTP/1.1" 200 -
[2026-06-21T02:17:23] "GET / HTTP/1.1" 200 -
[2026-06-21T02:17:24] code 404, message Not Found
[2026-06-21T02:17:24] "GET /favicon.ico HTTP/1.1" 404 -
